ADMM done: Total Iterations=2 converged=True rho=1.000e+00 rp=0.000e+00 (<= 1.000e-02) rd=0.000e+00 (<= 1.000e-02) Rho0 1.000e+00
ADMM done: Total Iterations=2 converged=True rho=1.000e+00 rp=0.000e+00 (<= 1.000e-02) rd=0.000e+00 (<= 1.000e-02) Rho0 1.000e+00
ADMM done: Total Iterations=2 converged=True rho=1.000e+00 rp=0.000e+00 (<= 1.000e-02) rd=0.000e+00 (<= 1.000e-02) Rho0 1.000e+00
ADMM done: Total Iterations=2 converged=True rho=1.000e+00 rp=0.000e+00 (<= 1.000e-02) rd=0.000e+00 (<= 1.000e-02) Rho0 1.000e+00
ADMM done: Total Iterations=2 converged=True rho=1.000e+00 rp=0.000e+00 (<= 1.000e-02) rd=0.000e+00 (<= 1.000e-02) Rho0 1.000e+00
ADMM done: Total Iterations=2 converged=True rho=1.000e+00 rp=0.000e+00 (<= 1.000e-02) rd=0.000e+00 (<= 1.000e-02) Rho0 1.000e+00
ADMM done: Total Iterations=2 converged=True rho=1.000e+00 rp=0.000e+00 (<= 1.000e-02) rd=0.000e+00 (<= 1.000e-02) Rho0 1.000e+00
ADMM done: Total Iterations=2 converged=True rho=1.000e+00 rp=0.000e+00 (<= 1.000e-02) rd=0.000e+00 (<= 1.000e-02) Rho0 1.000e+00
ADMM done: Total Iterations=2 converged=True rho=1.000e+00 rp=0.000e+00 (<= 1.000e-02) rd=0.000e+00 (<= 1.000e-02) Rho0 1.000e+00
ADMM done: Total Iterations=2 converged=True rho=1.000e+00 rp=0.000e+00 (<= 1.000e-02) rd=0.000e+00 (<= 1.000e-02) Rho0 1.000e+00
ADMM done: Total Iterations=2 converged=True rho=1.000e+00 rp=0.000e+00 (<= 1.000e-02) rd=0.000e+00 (<= 1.000e-02) Rho0 1.000e+00
ADMM done: Total Iterations=2 converged=True rho=1.000e+00 rp=0.000e+00 (<= 1.000e-02) rd=0.000e+00 (<= 1.000e-02) Rho0 1.000e+00
ADMM done: Total Iterations=2 converged=True rho=1.000e+00 rp=0.000e+00 (<= 1.000e-02) rd=0.000e+00 (<= 1.000e-02) Rho0 1.000e+00
ADMM done: Total Iterations=2 converged=True rho=1.000e+00 rp=0.000e+00 (<= 1.000e-02) rd=0.000e+00 (<= 1.000e-02) Rho0 1.000e+00
ADMM done: Total Iterations=2 converged=True rho=1.000e+00 rp=0.000e+00 (<= 1.000e-02) rd=0.000e+00 (<= 1.000e-02) Rho0 1.000e+00
ADMM done: Total Iterations=2 converged=True rho=1.000e+00 rp=0.000e+00 (<= 1.000e-02) rd=0.000e+00 (<= 1.000e-02) Rho0 1.000e+00
ADMM done: Total Iterations=2 converged=True rho=1.000e+00 rp=0.000e+00 (<= 1.000e-02) rd=0.000e+00 (<= 1.000e-02) Rho0 1.000e+00
ADMM done: Total Iterations=2 converged=True rho=1.000e+00 rp=0.000e+00 (<= 1.000e-02) rd=0.000e+00 (<= 1.000e-02) Rho0 1.000e+00
ADMM done: Total Iterations=2 converged=True rho=1.000e+00 rp=0.000e+00 (<= 1.000e-02) rd=0.000e+00 (<= 1.000e-02) Rho0 1.000e+00
ADMM done: Total Iterations=2 converged=True rho=1.000e+00 rp=0.000e+00 (<= 1.000e-02) rd=0.000e+00 (<= 1.000e-02) Rho0 1.000e+00
ADMM done: Total Iterations=2 converged=True rho=1.000e+00 rp=0.000e+00 (<= 1.000e-02) rd=0.000e+00 (<= 1.000e-02) Rho0 1.000e+00
ADMM done: Total Iterations=2 converged=True rho=1.000e+00 rp=0.000e+00 (<= 1.000e-02) rd=0.000e+00 (<= 1.000e-02) Rho0 1.000e+00
ADMM done: Total Iterations=2 converged=True rho=1.000e+00 rp=0.000e+00 (<= 1.000e-02) rd=0.000e+00 (<= 1.000e-02) Rho0 1.000e+00
ADMM done: Total Iterations=2 converged=True rho=1.000e+00 rp=0.000e+00 (<= 1.000e-02) rd=0.000e+00 (<= 1.000e-02) Rho0 1.000e+00
ADMM done: Total Iterations=2 converged=True rho=1.000e+00 rp=0.000e+00 (<= 1.000e-02) rd=0.000e+00 (<= 1.000e-02) Rho0 1.000e+00
ADMM done: Total Iterations=2 converged=True rho=1.000e+00 rp=0.000e+00 (<= 1.000e-02) rd=0.000e+00 (<= 1.000e-02) Rho0 1.000e+00
ADMM done: Total Iterations=2 converged=True rho=1.000e+00 rp=0.000e+00 (<= 1.000e-02) rd=0.000e+00 (<= 1.000e-02) Rho0 1.000e+00
ADMM done: Total Iterations=2 converged=True rho=1.000e+00 rp=0.000e+00 (<= 1.000e-02) rd=0.000e+00 (<= 1.000e-02) Rho0 1.000e+00
ADMM done: Total Iterations=2 converged=True rho=1.000e+00 rp=0.000e+00 (<= 1.000e-02) rd=0.000e+00 (<= 1.000e-02) Rho0 1.000e+00
ADMM done: Total Iterations=2 converged=True rho=1.000e+00 rp=0.000e+00 (<= 1.000e-02) rd=0.000e+00 (<= 1.000e-02) Rho0 1.000e+00
ADMM done: Total Iterations=2 converged=True rho=1.000e+00 rp=0.000e+00 (<= 1.000e-02) rd=0.000e+00 (<= 1.000e-02) Rho0 1.000e+00
ADMM done: Total Iterations=2 converged=True rho=1.000e+00 rp=0.000e+00 (<= 1.000e-02) rd=0.000e+00 (<= 1.000e-02) Rho0 1.000e+00
ADMM done: Total Iterations=2 converged=True rho=1.000e+00 rp=0.000e+00 (<= 1.000e-02) rd=0.000e+00 (<= 1.000e-02) Rho0 1.000e+00
ADMM done: Total Iterations=2 converged=True rho=1.000e+00 rp=0.000e+00 (<= 1.000e-02) rd=0.000e+00 (<= 1.000e-02) Rho0 1.000e+00
ADMM done: Total Iterations=2 converged=True rho=1.000e+00 rp=0.000e+00 (<= 1.000e-02) rd=0.000e+00 (<= 1.000e-02) Rho0 1.000e+00
ADMM done: Total Iterations=2 converged=True rho=1.000e+00 rp=0.000e+00 (<= 1.000e-02) rd=0.000e+00 (<= 1.000e-02) Rho0 1.000e+00
ADMM done: Total Iterations=2 converged=True rho=1.000e+00 rp=0.000e+00 (<= 1.000e-02) rd=0.000e+00 (<= 1.000e-02) Rho0 1.000e+00
ADMM done: Total Iterations=2 converged=True rho=1.000e+00 rp=0.000e+00 (<= 1.000e-02) rd=0.000e+00 (<= 1.000e-02) Rho0 1.000e+00
ADMM done: Total Iterations=2 converged=True rho=1.000e+00 rp=0.000e+00 (<= 1.000e-02) rd=0.000e+00 (<= 1.000e-02) Rho0 1.000e+00
ADMM done: Total Iterations=2 converged=True rho=1.000e+00 rp=0.000e+00 (<= 1.000e-02) rd=0.000e+00 (<= 1.000e-02) Rho0 1.000e+00
ADMM done: Total Iterations=2 converged=True rho=1.000e+00 rp=0.000e+00 (<= 1.000e-02) rd=0.000e+00 (<= 1.000e-02) Rho0 1.000e+00
ADMM done: Total Iterations=2 converged=True rho=1.000e+00 rp=0.000e+00 (<= 1.000e-02) rd=0.000e+00 (<= 1.000e-02) Rho0 1.000e+00
ADMM done: Total Iterations=2 converged=True rho=1.000e+00 rp=0.000e+00 (<= 1.000e-02) rd=0.000e+00 (<= 1.000e-02) Rho0 1.000e+00
ADMM done: Total Iterations=2 converged=True rho=1.000e+00 rp=0.000e+00 (<= 1.000e-02) rd=0.000e+00 (<= 1.000e-02) Rho0 1.000e+00
ADMM done: Total Iterations=2 converged=True rho=1.000e+00 rp=0.000e+00 (<= 1.000e-02) rd=0.000e+00 (<= 1.000e-02) Rho0 1.000e+00
ADMM done: Total Iterations=2 converged=True rho=1.000e+00 rp=0.000e+00 (<= 1.000e-02) rd=0.000e+00 (<= 1.000e-02) Rho0 1.000e+00
ADMM done: Total Iterations=2 converged=True rho=1.000e+00 rp=0.000e+00 (<= 1.000e-02) rd=0.000e+00 (<= 1.000e-02) Rho0 1.000e+00
ADMM done: Total Iterations=2 converged=True rho=1.000e+00 rp=0.000e+00 (<= 1.000e-02) rd=0.000e+00 (<= 1.000e-02) Rho0 1.000e+00
ADMM done: Total Iterations=2 converged=True rho=1.000e+00 rp=0.000e+00 (<= 1.000e-02) rd=0.000e+00 (<= 1.000e-02) Rho0 1.000e+00
ADMM done: Total Iterations=2 converged=True rho=1.000e+00 rp=0.000e+00 (<= 1.000e-02) rd=0.000e+00 (<= 1.000e-02) Rho0 1.000e+00
ADMM done: Total Iterations=2 converged=True rho=1.000e+00 rp=0.000e+00 (<= 1.000e-02) rd=0.000e+00 (<= 1.000e-02) Rho0 1.000e+00
ADMM done: Total Iterations=2 converged=True rho=1.000e+00 rp=0.000e+00 (<= 1.000e-02) rd=0.000e+00 (<= 1.000e-02) Rho0 1.000e+00
ADMM done: Total Iterations=2 converged=True rho=1.000e+00 rp=0.000e+00 (<= 1.000e-02) rd=0.000e+00 (<= 1.000e-02) Rho0 1.000e+00
ADMM done: Total Iterations=2 converged=True rho=1.000e+00 rp=0.000e+00 (<= 1.000e-02) rd=0.000e+00 (<= 1.000e-02) Rho0 1.000e+00
ADMM done: Total Iterations=2 converged=True rho=1.000e+00 rp=0.000e+00 (<= 1.000e-02) rd=0.000e+00 (<= 1.000e-02) Rho0 1.000e+00
ADMM done: Total Iterations=2 converged=True rho=1.000e+00 rp=0.000e+00 (<= 1.000e-02) rd=0.000e+00 (<= 1.000e-02) Rho0 1.000e+00
ADMM done: Total Iterations=2 converged=True rho=1.000e+00 rp=0.000e+00 (<= 1.000e-02) rd=0.000e+00 (<= 1.000e-02) Rho0 1.000e+00
ADMM done: Total Iterations=2 converged=True rho=1.000e+00 rp=0.000e+00 (<= 1.000e-02) rd=0.000e+00 (<= 1.000e-02) Rho0 1.000e+00
ADMM done: Total Iterations=2 converged=True rho=1.000e+00 rp=0.000e+00 (<= 1.000e-02) rd=0.000e+00 (<= 1.000e-02) Rho0 1.000e+00
ADMM done: Total Iterations=2 converged=True rho=1.000e+00 rp=0.000e+00 (<= 1.000e-02) rd=0.000e+00 (<= 1.000e-02) Rho0 1.000e+00
ADMM done: Total Iterations=2 converged=True rho=1.000e+00 rp=0.000e+00 (<= 1.000e-02) rd=0.000e+00 (<= 1.000e-02) Rho0 1.000e+00
ADMM done: Total Iterations=2 converged=True rho=1.000e+00 rp=0.000e+00 (<= 1.000e-02) rd=0.000e+00 (<= 1.000e-02) Rho0 1.000e+00
ADMM done: Total Iterations=2 converged=True rho=1.000e+00 rp=0.000e+00 (<= 1.000e-02) rd=0.000e+00 (<= 1.000e-02) Rho0 1.000e+00
ADMM done: Total Iterations=2 converged=True rho=1.000e+00 rp=0.000e+00 (<= 1.000e-02) rd=0.000e+00 (<= 1.000e-02) Rho0 1.000e+00
ADMM done: Total Iterations=2 converged=True rho=1.000e+00 rp=0.000e+00 (<= 1.000e-02) rd=0.000e+00 (<= 1.000e-02) Rho0 1.000e+00
ADMM done: Total Iterations=2 converged=True rho=1.000e+00 rp=0.000e+00 (<= 1.000e-02) rd=0.000e+00 (<= 1.000e-02) Rho0 1.000e+00
ADMM done: Total Iterations=2 converged=True rho=1.000e+00 rp=0.000e+00 (<= 1.000e-02) rd=0.000e+00 (<= 1.000e-02) Rho0 1.000e+00
ADMM done: Total Iterations=2 converged=True rho=1.000e+00 rp=0.000e+00 (<= 1.000e-02) rd=0.000e+00 (<= 1.000e-02) Rho0 1.000e+00
ADMM done: Total Iterations=2 converged=True rho=1.000e+00 rp=0.000e+00 (<= 1.000e-02) rd=0.000e+00 (<= 1.000e-02) Rho0 1.000e+00
ADMM done: Total Iterations=2 converged=True rho=1.000e+00 rp=0.000e+00 (<= 1.000e-02) rd=0.000e+00 (<= 1.000e-02) Rho0 1.000e+00
ADMM done: Total Iterations=2 converged=True rho=1.000e+00 rp=0.000e+00 (<= 1.000e-02) rd=0.000e+00 (<= 1.000e-02) Rho0 1.000e+00
ADMM done: Total Iterations=2 converged=True rho=1.000e+00 rp=0.000e+00 (<= 1.000e-02) rd=0.000e+00 (<= 1.000e-02) Rho0 1.000e+00
ADMM done: Total Iterations=2 converged=True rho=1.000e+00 rp=0.000e+00 (<= 1.000e-02) rd=0.000e+00 (<= 1.000e-02) Rho0 1.000e+00
ADMM done: Total Iterations=2 converged=True rho=1.000e+00 rp=0.000e+00 (<= 1.000e-02) rd=0.000e+00 (<= 1.000e-02) Rho0 1.000e+00
ADMM done: Total Iterations=2 converged=True rho=1.000e+00 rp=0.000e+00 (<= 1.000e-02) rd=0.000e+00 (<= 1.000e-02) Rho0 1.000e+00
ADMM done: Total Iterations=2 converged=True rho=1.000e+00 rp=0.000e+00 (<= 1.000e-02) rd=0.000e+00 (<= 1.000e-02) Rho0 1.000e+00
ADMM done: Total Iterations=2 converged=True rho=1.000e+00 rp=0.000e+00 (<= 1.000e-02) rd=0.000e+00 (<= 1.000e-02) Rho0 1.000e+00
ADMM done: Total Iterations=2 converged=True rho=1.000e+00 rp=0.000e+00 (<= 1.000e-02) rd=0.000e+00 (<= 1.000e-02) Rho0 1.000e+00
ADMM done: Total Iterations=2 converged=True rho=1.000e+00 rp=0.000e+00 (<= 1.000e-02) rd=0.000e+00 (<= 1.000e-02) Rho0 1.000e+00
ADMM done: Total Iterations=2 converged=True rho=1.000e+00 rp=0.000e+00 (<= 1.000e-02) rd=0.000e+00 (<= 1.000e-02) Rho0 1.000e+00
ADMM done: Total Iterations=2 converged=True rho=1.000e+00 rp=0.000e+00 (<= 1.000e-02) rd=0.000e+00 (<= 1.000e-02) Rho0 1.000e+00
ADMM done: Total Iterations=2 converged=True rho=1.000e+00 rp=0.000e+00 (<= 1.000e-02) rd=0.000e+00 (<= 1.000e-02) Rho0 1.000e+00
ADMM done: Total Iterations=2 converged=True rho=1.000e+00 rp=0.000e+00 (<= 1.000e-02) rd=0.000e+00 (<= 1.000e-02) Rho0 1.000e+00
ADMM done: Total Iterations=2 converged=True rho=1.000e+00 rp=0.000e+00 (<= 1.000e-02) rd=0.000e+00 (<= 1.000e-02) Rho0 1.000e+00
ADMM done: Total Iterations=2 converged=True rho=1.000e+00 rp=0.000e+00 (<= 1.000e-02) rd=0.000e+00 (<= 1.000e-02) Rho0 1.000e+00
ADMM done: Total Iterations=2 converged=True rho=1.000e+00 rp=0.000e+00 (<= 1.000e-02) rd=0.000e+00 (<= 1.000e-02) Rho0 1.000e+00
ADMM done: Total Iterations=2 converged=True rho=1.000e+00 rp=0.000e+00 (<= 1.000e-02) rd=0.000e+00 (<= 1.000e-02) Rho0 1.000e+00
ADMM done: Total Iterations=2 converged=True rho=1.000e+00 rp=0.000e+00 (<= 1.000e-02) rd=0.000e+00 (<= 1.000e-02) Rho0 1.000e+00
ADMM done: Total Iterations=2 converged=True rho=1.000e+00 rp=0.000e+00 (<= 1.000e-02) rd=0.000e+00 (<= 1.000e-02) Rho0 1.000e+00
ADMM done: Total Iterations=2 converged=True rho=1.000e+00 rp=0.000e+00 (<= 1.000e-02) rd=0.000e+00 (<= 1.000e-02) Rho0 1.000e+00
ADMM done: Total Iterations=2 converged=True rho=1.000e+00 rp=0.000e+00 (<= 1.000e-02) rd=0.000e+00 (<= 1.000e-02) Rho0 1.000e+00
ADMM done: Total Iterations=2 converged=True rho=1.000e+00 rp=0.000e+00 (<= 1.000e-02) rd=0.000e+00 (<= 1.000e-02) Rho0 1.000e+00
ADMM done: Total Iterations=2 converged=True rho=1.000e+00 rp=0.000e+00 (<= 1.000e-02) rd=0.000e+00 (<= 1.000e-02) Rho0 1.000e+00
ADMM done: Total Iterations=2 converged=True rho=1.000e+00 rp=0.000e+00 (<= 1.000e-02) rd=0.000e+00 (<= 1.000e-02) Rho0 1.000e+00
ADMM done: Total Iterations=2 converged=True rho=1.000e+00 rp=0.000e+00 (<= 1.000e-02) rd=0.000e+00 (<= 1.000e-02) Rho0 1.000e+00
ADMM done: Total Iterations=2 converged=True rho=1.000e+00 rp=0.000e+00 (<= 1.000e-02) rd=0.000e+00 (<= 1.000e-02) Rho0 1.000e+00
ADMM done: Total Iterations=2 converged=True rho=1.000e+00 rp=0.000e+00 (<= 1.000e-02) rd=0.000e+00 (<= 1.000e-02) Rho0 1.000e+00
ADMM done: Total Iterations=2 converged=True rho=1.000e+00 rp=0.000e+00 (<= 1.000e-02) rd=0.000e+00 (<= 1.000e-02) Rho0 1.000e+00
ADMM done: Total Iterations=2 converged=True rho=1.000e+00 rp=0.000e+00 (<= 1.000e-02) rd=0.000e+00 (<= 1.000e-02) Rho0 1.000e+00
ADMM done: Total Iterations=2 converged=True rho=1.000e+00 rp=0.000e+00 (<= 1.000e-02) rd=0.000e+00 (<= 1.000e-02) Rho0 1.000e+00
ADMM done: Total Iterations=2 converged=True rho=1.000e+00 rp=0.000e+00 (<= 1.000e-02) rd=0.000e+00 (<= 1.000e-02) Rho0 1.000e+00
Tube widths:[[0. 0. 0. 0. 0.]
 [0. 0. 0. 0. 0.]
 [0. 0. 0. 0. 0.]
 [0. 0. 0. 0. 0.]
 [0. 0. 0. 0. 0.]
 [0. 0. 0. 0. 0.]
 [0. 0. 0. 0. 0.]
 [0. 0. 0. 0. 0.]
 [0. 0. 0. 0. 0.]
 [0. 0. 0. 0. 0.]
 [0. 0. 0. 0. 0.]]
ADMM done: Total Iterations=2 converged=True rho=1.000e+00 rp=0.000e+00 (<= 1.000e-02) rd=0.000e+00 (<= 1.000e-02) Rho0 1.000e+00
Tube widths:[[0.005      0.005      0.005      0.005      0.005     ]
 [0.01608558 0.01358675 0.01778043 0.01065296 0.01077025]
 [0.01856404 0.0419776  0.02813577 0.01241543 0.00929486]
 [0.0277171  0.05286002 0.05183148 0.00966204 0.01095337]
 [0.03350297 0.06985194 0.06131629 0.01523279 0.0153355 ]
 [0.03767532 0.08249042 0.09752435 0.00881354 0.02707002]
 [0.04153047 0.09656284 0.10331485 0.0146343  0.00720487]
 [0.05074479 0.08740811 0.14604556 0.00749885 0.01012344]
 [0.07258812 0.08869907 0.16529133 0.01026061 0.00989221]
 [0.0943203  0.08133475 0.18996595 0.0122442  0.00958097]
 [0.09775789 0.08885464 0.20174726 0.00625588 0.00730457]]
ADMM done: Total Iterations=2 converged=True rho=1.000e+00 rp=0.000e+00 (<= 1.000e-02) rd=0.000e+00 (<= 1.000e-02) Rho0 1.000e+00
Tube widths:[[0. 0. 0. 0. 0.]
 [0. 0. 0. 0. 0.]
 [0. 0. 0. 0. 0.]
 [0. 0. 0. 0. 0.]
 [0. 0. 0. 0. 0.]
 [0. 0. 0. 0. 0.]
 [0. 0. 0. 0. 0.]
 [0. 0. 0. 0. 0.]
 [0. 0. 0. 0. 0.]
 [0. 0. 0. 0. 0.]
 [0. 0. 0. 0. 0.]]
ADMM done: Total Iterations=2 converged=True rho=1.000e+00 rp=0.000e+00 (<= 1.000e-02) rd=0.000e+00 (<= 1.000e-02) Rho0 1.000e+00
Tube widths:[[0.005      0.005      0.005      0.005      0.005     ]
 [0.01274213 0.0203097  0.02000541 0.00607066 0.00633687]
 [0.01597967 0.0383004  0.03349226 0.0087383  0.0067929 ]
 [0.02566272 0.05956027 0.06404975 0.01241096 0.01093689]
 [0.03426321 0.08005631 0.07962937 0.00961944 0.0133743 ]
 [0.03428407 0.09402168 0.08428533 0.00818088 0.01831492]
 [0.04172649 0.10548803 0.09012213 0.01855076 0.01130589]
 [0.05299593 0.09497328 0.13438575 0.00927946 0.0117853 ]
 [0.07974757 0.08611991 0.17391358 0.01108055 0.01051024]
 [0.10353023 0.08024545 0.20261576 0.01293555 0.00950104]
 [0.10656332 0.0886076  0.21438585 0.00612313 0.0074604 ]]
ADMM done: Total Iterations=2 converged=True rho=1.000e+00 rp=0.000e+00 (<= 1.000e-02) rd=0.000e+00 (<= 1.000e-02) Rho0 1.000e+00
Tube widths:[[0. 0. 0. 0. 0.]
 [0. 0. 0. 0. 0.]
 [0. 0. 0. 0. 0.]
 [0. 0. 0. 0. 0.]
 [0. 0. 0. 0. 0.]
 [0. 0. 0. 0. 0.]
 [0. 0. 0. 0. 0.]
 [0. 0. 0. 0. 0.]
 [0. 0. 0. 0. 0.]
 [0. 0. 0. 0. 0.]
 [0. 0. 0. 0. 0.]]
ADMM done: Total Iterations=2 converged=True rho=1.000e+00 rp=0.000e+00 (<= 1.000e-02) rd=0.000e+00 (<= 1.000e-02) Rho0 1.000e+00
Tube widths:[[0.005      0.005      0.005      0.005      0.005     ]
 [0.01447345 0.01084154 0.01742538 0.01060368 0.0149447 ]
 [0.01732573 0.03736375 0.02848779 0.00906889 0.01003316]
 [0.02608501 0.05569146 0.04555149 0.01278399 0.00814175]
 [0.03352334 0.07226306 0.05974798 0.01042743 0.00997794]
 [0.03754715 0.08443369 0.07498717 0.00970334 0.02660347]
 [0.04439965 0.09906011 0.0820967  0.01803224 0.00700123]
 [0.05705745 0.08840375 0.10501097 0.01095967 0.0107202 ]
 [0.08071324 0.07923204 0.1388162  0.01122959 0.0096522 ]
 [0.1018605  0.07294729 0.16732627 0.01304018 0.0088556 ]
 [0.10489594 0.08094686 0.17830617 0.00603987 0.00717336]]
ADMM done: Total Iterations=2 converged=True rho=1.000e+00 rp=0.000e+00 (<= 1.000e-02) rd=0.000e+00 (<= 1.000e-02) Rho0 1.000e+00
Tube widths:[[0. 0. 0. 0. 0.]
 [0. 0. 0. 0. 0.]
 [0. 0. 0. 0. 0.]
 [0. 0. 0. 0. 0.]
 [0. 0. 0. 0. 0.]
 [0. 0. 0. 0. 0.]
 [0. 0. 0. 0. 0.]
 [0. 0. 0. 0. 0.]
 [0. 0. 0. 0. 0.]
 [0. 0. 0. 0. 0.]
 [0. 0. 0. 0. 0.]]
ADMM done: Total Iterations=2 converged=True rho=1.000e+00 rp=0.000e+00 (<= 1.000e-02) rd=0.000e+00 (<= 1.000e-02) Rho0 1.000e+00
Tube widths:[[0.005      0.005      0.005      0.005      0.005     ]
 [0.01378817 0.01673833 0.01806583 0.00550947 0.00840479]
 [0.02200269 0.03489009 0.02282159 0.0080449  0.01459779]
 [0.02693013 0.03837911 0.05213443 0.01348623 0.01138875]
 [0.03425107 0.06039416 0.06499193 0.01352734 0.00979403]
 [0.03774854 0.07095353 0.07798926 0.01376586 0.02559227]
 [0.04141121 0.0843646  0.08533878 0.01053404 0.00624018]
 [0.05594918 0.07765659 0.1061193  0.01067136 0.01047203]
 [0.07857921 0.07138508 0.13794205 0.01103592 0.00964687]
 [0.09853912 0.06743749 0.16502829 0.01316225 0.00855091]
 [0.10180207 0.07444128 0.17610634 0.00557873 0.0072589 ]]
ADMM done: Total Iterations=2 converged=True rho=1.000e+00 rp=0.000e+00 (<= 1.000e-02) rd=0.000e+00 (<= 1.000e-02) Rho0 1.000e+00
Tube widths:[[0. 0. 0. 0. 0.]
 [0. 0. 0. 0. 0.]
 [0. 0. 0. 0. 0.]
 [0. 0. 0. 0. 0.]
 [0. 0. 0. 0. 0.]
 [0. 0. 0. 0. 0.]
 [0. 0. 0. 0. 0.]
 [0. 0. 0. 0. 0.]
 [0. 0. 0. 0. 0.]
 [0. 0. 0. 0. 0.]
 [0. 0. 0. 0. 0.]]
ADMM done: Total Iterations=2 converged=True rho=1.000e+00 rp=0.000e+00 (<= 1.000e-02) rd=0.000e+00 (<= 1.000e-02) Rho0 1.000e+00
Tube widths:[[0.005      0.005      0.005      0.005      0.005     ]
 [0.01541657 0.02155402 0.01966547 0.00859304 0.00785781]
 [0.01767716 0.03580204 0.03548488 0.01603613 0.00724622]
 [0.02415573 0.05025362 0.04978725 0.01478982 0.01292861]
 [0.03033871 0.07205333 0.05832296 0.00820942 0.0146119 ]
 [0.03346035 0.08475866 0.07398079 0.00970497 0.03340876]
 [0.03638825 0.08722228 0.07525447 0.01165794 0.01350606]
 [0.0441171  0.08092585 0.1016275  0.00841624 0.00975956]
 [0.0637883  0.08267426 0.12442264 0.00953175 0.00990924]
 [0.08421851 0.07776041 0.15091672 0.01144769 0.00936534]
 [0.08770137 0.08600802 0.16121812 0.00609567 0.00740797]]
ADMM done: Total Iterations=2 converged=True rho=1.000e+00 rp=0.000e+00 (<= 1.000e-02) rd=0.000e+00 (<= 1.000e-02) Rho0 1.000e+00
Tube widths:[[0. 0. 0. 0. 0.]
 [0. 0. 0. 0. 0.]
 [0. 0. 0. 0. 0.]
 [0. 0. 0. 0. 0.]
 [0. 0. 0. 0. 0.]
 [0. 0. 0. 0. 0.]
 [0. 0. 0. 0. 0.]
 [0. 0. 0. 0. 0.]
 [0. 0. 0. 0. 0.]
 [0. 0. 0. 0. 0.]
 [0. 0. 0. 0. 0.]]
ADMM done: Total Iterations=2 converged=True rho=1.000e+00 rp=0.000e+00 (<= 1.000e-02) rd=0.000e+00 (<= 1.000e-02) Rho0 1.000e+00
Tube widths:[[0.005      0.005      0.005      0.005      0.005     ]
 [0.01448035 0.01088325 0.01755464 0.01102066 0.01506777]
 [0.01779053 0.03844588 0.03002907 0.01008241 0.0132839 ]
 [0.02624657 0.045433   0.05100002 0.01215826 0.01051112]
 [0.03369458 0.06690763 0.06178868 0.00992225 0.01327706]
 [0.03664445 0.08106171 0.09192501 0.01227264 0.0284215 ]
 [0.03790165 0.0927976  0.09412869 0.01136446 0.0095843 ]
 [0.04813413 0.08474959 0.11502917 0.01126702 0.01081162]
 [0.07118052 0.08511229 0.14817854 0.01046698 0.00935196]
 [0.09029626 0.08025134 0.17429338 0.01241203 0.00930692]
 [0.09419897 0.08747558 0.18534846 0.00566584 0.00769134]]
ADMM done: Total Iterations=2 converged=True rho=1.000e+00 rp=0.000e+00 (<= 1.000e-02) rd=0.000e+00 (<= 1.000e-02) Rho0 1.000e+00
Tube widths:[[0. 0. 0. 0. 0.]
 [0. 0. 0. 0. 0.]
 [0. 0. 0. 0. 0.]
 [0. 0. 0. 0. 0.]
 [0. 0. 0. 0. 0.]
 [0. 0. 0. 0. 0.]
 [0. 0. 0. 0. 0.]
 [0. 0. 0. 0. 0.]
 [0. 0. 0. 0. 0.]
 [0. 0. 0. 0. 0.]
 [0. 0. 0. 0. 0.]]
ADMM done: Total Iterations=2 converged=True rho=1.000e+00 rp=0.000e+00 (<= 1.000e-02) rd=0.000e+00 (<= 1.000e-02) Rho0 1.000e+00
Tube widths:[[0.005      0.005      0.005      0.005      0.005     ]
 [0.01539158 0.02137594 0.01813321 0.01069304 0.00892825]
 [0.01866084 0.03386396 0.02744245 0.01332218 0.00919226]
 [0.02500843 0.05786624 0.0500343  0.01629763 0.00527368]
 [0.03040137 0.07408924 0.05227171 0.0075884  0.01174391]
 [0.03377238 0.08976074 0.0736907  0.01103019 0.03045266]
 [0.03827186 0.1052984  0.08174461 0.01313509 0.00678326]
 [0.04921126 0.09500767 0.10274493 0.01124789 0.01159566]
 [0.07238519 0.09326924 0.13812824 0.01057138 0.00952849]
 [0.09483363 0.08486729 0.16820775 0.01223112 0.00955878]
 [0.09815313 0.09307394 0.17890278 0.00611573 0.00753718]]
ADMM done: Total Iterations=2 converged=True rho=1.000e+00 rp=0.000e+00 (<= 1.000e-02) rd=0.000e+00 (<= 1.000e-02) Rho0 1.000e+00
Tube widths:[[0. 0. 0. 0. 0.]
 [0. 0. 0. 0. 0.]
 [0. 0. 0. 0. 0.]
 [0. 0. 0. 0. 0.]
 [0. 0. 0. 0. 0.]
 [0. 0. 0. 0. 0.]
 [0. 0. 0. 0. 0.]
 [0. 0. 0. 0. 0.]
 [0. 0. 0. 0. 0.]
 [0. 0. 0. 0. 0.]
 [0. 0. 0. 0. 0.]]
ADMM done: Total Iterations=2 converged=True rho=1.000e+00 rp=0.000e+00 (<= 1.000e-02) rd=0.000e+00 (<= 1.000e-02) Rho0 1.000e+00
Tube widths:[[0.005      0.005      0.005      0.005      0.005     ]
 [0.01605401 0.01663125 0.01572436 0.01090058 0.00769406]
 [0.01803348 0.04041986 0.02439871 0.01436588 0.00826387]
 [0.02385792 0.05062264 0.0431962  0.01442332 0.01175002]
 [0.02951651 0.06497917 0.04738964 0.01040935 0.01903927]
 [0.02997473 0.08668271 0.05652858 0.01780878 0.02017097]
 [0.0329402  0.09673736 0.06334814 0.0138823  0.00724604]
 [0.0434627  0.08676772 0.10151848 0.0093466  0.00973161]
 [0.06675393 0.08637823 0.13961229 0.00924945 0.00943705]
 [0.09066852 0.07758535 0.16676419 0.01175696 0.00903804]
 [0.09411862 0.0855635  0.17709035 0.00599062 0.00729003]]
ADMM done: Total Iterations=2 converged=True rho=1.000e+00 rp=0.000e+00 (<= 1.000e-02) rd=0.000e+00 (<= 1.000e-02) Rho0 1.000e+00
Tube widths:[[0. 0. 0. 0. 0.]
 [0. 0. 0. 0. 0.]
 [0. 0. 0. 0. 0.]
 [0. 0. 0. 0. 0.]
 [0. 0. 0. 0. 0.]
 [0. 0. 0. 0. 0.]
 [0. 0. 0. 0. 0.]
 [0. 0. 0. 0. 0.]
 [0. 0. 0. 0. 0.]
 [0. 0. 0. 0. 0.]
 [0. 0. 0. 0. 0.]]
ADMM done: Total Iterations=2 converged=True rho=1.000e+00 rp=0.000e+00 (<= 1.000e-02) rd=0.000e+00 (<= 1.000e-02) Rho0 1.000e+00
Tube widths:[[0.005      0.005      0.005      0.005      0.005     ]
 [0.01793258 0.01309978 0.01698227 0.01125546 0.01093352]
 [0.01984159 0.03925375 0.02787711 0.0144017  0.00857879]
 [0.0276064  0.04977801 0.04937841 0.01253671 0.01162289]
 [0.03139491 0.06729559 0.05351867 0.00912434 0.01687082]
 [0.03289686 0.08280227 0.06797623 0.01705407 0.02384567]
 [0.0353302  0.09327607 0.076737   0.01090792 0.00847256]
 [0.0427242  0.08490428 0.11575483 0.00810885 0.01016717]
 [0.06604319 0.0853798  0.15125387 0.00923236 0.00948331]
 [0.0890824  0.0776736  0.17536396 0.01170036 0.00912183]
 [0.0923213  0.08570158 0.18613475 0.0060195  0.00732169]]
ADMM done: Total Iterations=2 converged=True rho=1.000e+00 rp=0.000e+00 (<= 1.000e-02) rd=0.000e+00 (<= 1.000e-02) Rho0 1.000e+00
Tube widths:[[0. 0. 0. 0. 0.]
 [0. 0. 0. 0. 0.]
 [0. 0. 0. 0. 0.]
 [0. 0. 0. 0. 0.]
 [0. 0. 0. 0. 0.]
 [0. 0. 0. 0. 0.]
 [0. 0. 0. 0. 0.]
 [0. 0. 0. 0. 0.]
 [0. 0. 0. 0. 0.]
 [0. 0. 0. 0. 0.]
 [0. 0. 0. 0. 0.]]
ADMM done: Total Iterations=2 converged=True rho=1.000e+00 rp=0.000e+00 (<= 1.000e-02) rd=0.000e+00 (<= 1.000e-02) Rho0 1.000e+00
Tube widths:[[0.005      0.005      0.005      0.005      0.005     ]
 [0.0166596  0.01896615 0.01931349 0.00763706 0.00527005]
 [0.0173814  0.04403818 0.03483702 0.00848737 0.01151743]
 [0.02490207 0.04927219 0.05667777 0.0111712  0.01613298]
 [0.03370468 0.07727252 0.0737813  0.00996334 0.01256936]
 [0.03641364 0.09444333 0.07652712 0.00802583 0.0263337 ]
 [0.04405781 0.10383723 0.08081276 0.02047848 0.01025771]
 [0.0571472  0.09377268 0.10047679 0.01112893 0.01106618]
 [0.08103635 0.09202906 0.13614293 0.0112849  0.00950077]
 [0.1041636  0.08424375 0.16647377 0.01307296 0.00955818]
 [0.10704017 0.09255825 0.17753282 0.00612285 0.00752113]]
Rolling out iteration 0
Current state: [1.96877938 2.17981917 1.69390162 2.15623784 1.83990312]
Current state: [1.7889725  2.07895992 1.4754349  1.82131405 1.65654207]
Current state: [1.78611243 1.90143666 1.45531934 1.87338759 1.31324732]
Current state: [1.78515815 1.79630491 1.43323921 1.9493647  1.0073909 ]
Current state: [1.78063386 1.73450765 1.38867114 1.72006488 0.7613545 ]
Current state: [1.79754162 1.72924732 1.405148   1.43782917 0.74473204]
Current state: [1.79836363 1.72850382 1.33686116 1.25230901 1.03728029]
Current state: [1.79271316 1.74322241 1.21177757 1.03833278 1.33529571]
Current state: [1.74962424 1.76785807 1.0907767  0.75387459 1.6280257 ]
Current state: [1.74461628 1.76727007 1.08964909 0.74147188 1.61480225]
Rolling out iteration 1
Current state: [1.97030457 2.17724548 1.69010408 2.15057405 1.84078775]
Current state: [1.79372654 2.06449692 1.47858305 1.81980478 1.65557052]
Current state: [1.79726536 1.88850223 1.46659669 1.87620779 1.31496794]
Current state: [1.79719517 1.78360535 1.445978   1.95223756 1.00503117]
Current state: [1.78140428 1.72335878 1.39923402 1.71661949 0.76276415]
Current state: [1.80364326 1.71239791 1.41234193 1.43777277 0.74231754]
Current state: [1.80590906 1.71320465 1.33764518 1.24449929 1.0380748 ]
Current state: [1.80638575 1.72318985 1.21943373 1.03691649 1.33779728]
Current state: [1.76156906 1.74767974 1.09984718 0.75689759 1.62149541]
Current state: [1.75833447 1.75138087 1.0960595  0.73785409 1.61751583]
Rolling out iteration 2
Current state: [1.96878234 2.17150023 1.69188674 2.1593456  1.83538307]
Current state: [1.78619508 2.06820025 1.48091313 1.81629136 1.65733646]
Current state: [1.7834869  1.88771625 1.46450479 1.87631443 1.31707737]
Current state: [1.78512115 1.77993573 1.44264322 1.95243386 1.00608603]
Current state: [1.77979626 1.72341624 1.39660368 1.71786626 0.7625488 ]
Current state: [1.80463351 1.71664172 1.41243093 1.43671174 0.74273898]
Current state: [1.81087804 1.71366105 1.34083588 1.24661602 1.04368199]
Current state: [1.8056501  1.72217152 1.22439318 1.03897846 1.33050327]
Current state: [1.76091182 1.75505253 1.09938569 0.76089687 1.62422633]
Current state: [1.75635437 1.75932039 1.09817133 0.74702339 1.61708424]
Rolling out iteration 3
Current state: [1.9746654  2.17383211 1.69212976 2.15805428 1.843482  ]
Current state: [1.79143221 2.0571304  1.4866303  1.81801468 1.65905943]
Current state: [1.79136958 1.87613391 1.47518605 1.87317892 1.32525421]
Current state: [1.79054731 1.75480888 1.45245508 1.95035598 1.0075938 ]
Current state: [1.77797368 1.69391883 1.39586771 1.72449819 0.76373874]
Current state: [1.79972367 1.68436298 1.39859709 1.44778536 0.74504269]
Current state: [1.79867221 1.69388725 1.30862859 1.24946915 1.03751563]
Current state: [1.79065656 1.70910328 1.17320506 1.03352447 1.33368824]
Current state: [1.74150706 1.74228329 1.04639676 0.76139024 1.63034078]
Current state: [1.74212361 1.74514817 1.04079824 0.74090112 1.61255464]
Rolling out iteration 4
Current state: [1.97605155 2.17131214 1.68790159 2.15473593 1.83933352]
Current state: [1.79428321 2.06625864 1.48025889 1.81791228 1.65316537]
Current state: [1.79287049 1.88835254 1.46578831 1.87837257 1.31904314]
Current state: [1.79845682 1.77612594 1.44183572 1.94923814 1.01043744]
Current state: [1.78947297 1.71093611 1.38858426 1.7181826  0.75742082]
Current state: [1.81308329 1.70494951 1.39326716 1.44165172 0.7394012 ]
Current state: [1.81530744 1.70180148 1.31810577 1.2547873  1.04385144]
Current state: [1.81054807 1.71601594 1.19614465 1.03783192 1.33504822]
Current state: [1.75624004 1.746474   1.0761803  0.75472521 1.62936329]
Current state: [1.74997602 1.74851299 1.07073038 0.74548865 1.60897403]
Rolling out iteration 5
Current state: [1.96797314 2.17057968 1.68656209 2.15044334 1.83392709]
Current state: [1.78287056 2.06394778 1.46974961 1.81190297 1.65012289]
Current state: [1.77887301 1.89081108 1.44780925 1.87039752 1.31175065]
Current state: [1.77657473 1.7852246  1.41861487 1.94609167 1.00058619]
Current state: [1.76521015 1.73012186 1.37216203 1.71722352 0.75372015]
Current state: [1.78170576 1.72107823 1.38259887 1.4372303  0.7379408 ]
Current state: [1.7778327  1.71904966 1.30318561 1.24127058 1.03262685]
Current state: [1.7692442  1.72956144 1.1687364  1.02767779 1.32738075]
Current state: [1.71901523 1.75893309 1.03334431 0.75479637 1.62029094]
Current state: [1.71259565 1.75651105 1.02515053 0.7372305  1.60822125]
Rolling out iteration 6
Current state: [1.97797314 2.17057968 1.68656209 2.15044334 1.83392709]
Current state: [1.79875197 2.06115918 1.47348241 1.80992213 1.65028107]
Current state: [1.80618811 1.88672693 1.45831975 1.87153026 1.31127631]
Current state: [1.81224691 1.78220099 1.43107748 1.94454159 1.00583912]
Current state: [1.80350254 1.71458419 1.37756373 1.71430508 0.75336905]
Current state: [1.82759937 1.70281494 1.3824403  1.43076105 0.73657444]
Current state: [1.83696557 1.69536474 1.30871829 1.24779393 1.03648465]
Current state: [1.84222414 1.69870373 1.18402563 1.03291827 1.33039602]
Current state: [1.8007773  1.71980405 1.06722809 0.74773645 1.62365346]
Current state: [1.80262821 1.71596599 1.06175102 0.73627377 1.60977668]
Rolling out iteration 7
Current state: [1.96797314 2.18057968 1.68656209 2.15044334 1.83392709]
Current state: [1.7850137  2.08893391 1.4680233  1.81154178 1.65295984]
Current state: [1.77875038 1.92306477 1.44386776 1.8677558  1.30601585]
Current state: [1.77694353 1.83688806 1.4185066  1.94351984 0.99898155]
Current state: [1.76576003 1.79028953 1.38341712 1.71739271 0.74074295]
Current state: [1.78165504 1.79196381 1.39940155 1.42912465 0.73489326]
Current state: [1.78139948 1.78650788 1.34879725 1.24054341 1.03016992]
Current state: [1.78287225 1.79823428 1.23351458 1.02992049 1.32552043]
Current state: [1.74666168 1.82064683 1.11005357 0.75234698 1.61849122]
Current state: [1.73940517 1.82707401 1.10336023 0.73760863 1.60692263]
Rolling out iteration 8
Current state: [1.97797314 2.18057968 1.68656209 2.15044334 1.83392709]
Current state: [1.80089505 2.08614532 1.47167974 1.80956095 1.65311802]
Current state: [1.80605641 1.91897734 1.45429663 1.86888854 1.30554151]
Current state: [1.81196553 1.83423804 1.43083742 1.94196976 1.00423448]
Current state: [1.80748111 1.77647693 1.39087345 1.71447428 0.74039184]
Current state: [1.8318856  1.77694601 1.40409228 1.4226554  0.7335269 ]
Current state: [1.8411987  1.7659034  1.36444984 1.24706676 1.03402771]
Current state: [1.85443949 1.77043785 1.25859415 1.03516097 1.32853571]
Current state: [1.82696732 1.78520009 1.15195704 0.74528707 1.62185373]
Current state: [1.82808239 1.79111039 1.14567255 0.7366519  1.60847806]
Rolling out iteration 9
Current state: [1.96797314 2.17057968 1.69656209 2.15044334 1.83392709]
Current state: [1.78251563 2.06409406 1.48809857 1.81193558 1.65005087]
Current state: [1.77980555 1.89018252 1.47671807 1.87057714 1.31189073]
Current state: [1.77810821 1.78339177 1.45696809 1.94615146 1.00075997]
Current state: [1.7658462  1.72753396 1.42135349 1.71714217 0.75422675]
Current state: [1.78099096 1.71824503 1.43887892 1.43736867 0.73799669]
Current state: [1.77774554 1.71636999 1.36847544 1.24154103 1.03281313]
Current state: [1.77015949 1.72759654 1.24012753 1.02775378 1.32753234]
Current state: [1.71904264 1.75944484 1.10789535 0.75473412 1.62045194]
Current state: [1.71309911 1.75654152 1.1115422  0.73720178 1.60828328]
Rolling out iteration 10
Current state: [1.97797314 2.17057968 1.69656209 2.15044334 1.83392709]
Current state: [1.79839703 2.06130545 1.49183137 1.80995475 1.65020905]
Current state: [1.80712065 1.88609837 1.48722857 1.87170988 1.31141639]
Current state: [1.81370643 1.78074629 1.46941718 1.94460138 1.0060129 ]
Current state: [1.80356379 1.71211491 1.42510122 1.71422373 0.75387565]
Current state: [1.82628164 1.70008254 1.43673806 1.43089942 0.73663032]
Current state: [1.83544667 1.6926943  1.37564428 1.24806438 1.03667092]
Current state: [1.84097592 1.69703456 1.25679195 1.03299426 1.33054761]
Current state: [1.79849304 1.71981548 1.14241138 0.7476742  1.62381445]
Current state: [1.80082088 1.71554033 1.14704088 0.73624505 1.60983871]
Rolling out iteration 11
Current state: [1.96797314 2.18057968 1.69656209 2.15044334 1.83392709]
Current state: [1.78465909 2.08908011 1.48681357 1.81157439 1.65288782]
Current state: [1.77970636 1.92239358 1.47323294 1.86793542 1.30615593]
Current state: [1.77842865 1.83512475 1.45731388 1.94357963 0.99915533]
Current state: [1.76716492 1.78788701 1.43494062 1.71731136 0.74124955]
Current state: [1.78171483 1.78892793 1.45997604 1.42926303 0.73494915]
Current state: [1.78111697 1.78351175 1.42168746 1.24081386 1.03035619]
Current state: [1.78376082 1.79531128 1.31456078 1.02999647 1.32567202]
Current state: [1.74872604 1.816506   1.1961107  0.75228473 1.61865221]
Current state: [1.74161108 1.82222219 1.20118245 0.7375799  1.60698466]
Rolling out iteration 12
Current state: [1.97797314 2.18057968 1.69656209 2.15044334 1.83392709]
Current state: [1.80054012 2.08629159 1.4900287  1.80959356 1.653046  ]
Current state: [1.80698143 1.91833282 1.48320148 1.86906816 1.30568159]
Current state: [1.81348575 1.83294455 1.46923475 1.94202955 1.00440826]
Current state: [1.80823274 1.77422732 1.43855006 1.71439293 0.74089844]
Current state: [1.83132979 1.77412651 1.45937061 1.42279378 0.73358279]
Current state: [1.84025807 1.76329558 1.43140372 1.24733721 1.03421398]
Current state: [1.85460011 1.76788218 1.33388391 1.03523695 1.3286873 ]
Current state: [1.82902788 1.78153311 1.23285622 0.74522482 1.62201473]
Current state: [1.83043356 1.78677419 1.2368299  0.73662317 1.60854009]
Rolling out iteration 13
Current state: [1.96797314 2.17057968 1.68656209 2.16044334 1.83392709]
Current state: [1.77920272 2.06648028 1.46556023 1.82302883 1.65019293]
Current state: [1.77145025 1.8919164  1.43871671 1.88000918 1.31193466]
Current state: [1.76894573 1.78564837 1.40707916 1.956886   0.99840656]
Current state: [1.75868105 1.73339945 1.3579293  1.72853464 0.75383806]
Current state: [1.77441313 1.72388778 1.36951873 1.45010626 0.73855765]
Current state: [1.76767243 1.72511964 1.29076345 1.24895131 1.03114478]
Current state: [1.75539655 1.74028093 1.15078906 1.0359974  1.32608953]
Current state: [1.70151091 1.77320163 1.00884265 0.76755514 1.61868418]
Current state: [1.69526788 1.77177986 0.99901413 0.74774873 1.60745565]
Rolling out iteration 14
Current state: [1.97797314 2.17057968 1.68656209 2.16044334 1.83392709]
Current state: [1.79508413 2.06369167 1.46929303 1.82104799 1.65035111]
Current state: [1.7987157  1.88769095 1.44946847 1.88114192 1.31146032]
Current state: [1.80462127 1.78156151 1.41968054 1.95533592 1.00365949]
Current state: [1.79692304 1.718451   1.36398764 1.72561621 0.75348696]
Current state: [1.81894445 1.70645908 1.37023962 1.44363701 0.73719128]
Current state: [1.82679743 1.70312587 1.29116196 1.25547466 1.03500257]
Current state: [1.8285929  1.71052354 1.16182089 1.04123788 1.32910481]
Current state: [1.78383459 1.7355029  1.03914745 0.76049523 1.6220467 ]
Current state: [1.78570088 1.73281646 1.03215646 0.74679199 1.60901108]
Rolling out iteration 15
Current state: [1.96797314 2.18057968 1.68656209 2.16044334 1.83392709]
Current state: [1.78134729 2.09146607 1.46579289 1.82266764 1.65302988]
Current state: [1.77292182 1.92414971 1.43669353 1.87736746 1.30619986]
Current state: [1.77186781 1.83714494 1.40906164 1.95431416 0.99680192]
Current state: [1.76155042 1.79265836 1.37151367 1.72870384 0.74086086]
Current state: [1.77790295 1.7935123  1.38858104 1.44200061 0.73551011]
Current state: [1.77535269 1.79078861 1.33196855 1.24822415 1.02868784]
Current state: [1.77528948 1.8058563  1.21393686 1.0382401  1.32422922]
Current state: [1.73585742 1.83154261 1.08608723 0.76510576 1.61688446]
Current state: [1.72808488 1.83917553 1.07776311 0.74812685 1.60615704]
Rolling out iteration 16
Current state: [1.97797314 2.18057968 1.68656209 2.16044334 1.83392709]
Current state: [1.79722721 2.08867781 1.46749036 1.82068681 1.65318806]
Current state: [1.79954792 1.91995903 1.44523662 1.8785002  1.30572552]
Current state: [1.80587988 1.83330108 1.41940336 1.95276409 1.00205485]
Current state: [1.80139216 1.77849051 1.37498172 1.7257854  0.74050976]
Current state: [1.82461811 1.77859389 1.38869267 1.43553136 0.73414375]
Current state: [1.83514108 1.77087363 1.34062992 1.2547475  1.03254563]
Current state: [1.84684197 1.77896339 1.23079695 1.04348058 1.32724449]
Current state: [1.81625025 1.79708142 1.12063523 0.75804584 1.62024697]
Current state: [1.81724866 1.80387546 1.1145423  0.74717012 1.60771247]
Rolling out iteration 17
Current state: [1.96797314 2.17057968 1.69656209 2.16044334 1.83392709]
Current state: [1.7788479  2.06662652 1.4840685  1.82306144 1.65012091]
Current state: [1.77249459 1.89130966 1.46772221 1.8801888  1.31207473]
Current state: [1.77058118 1.78381218 1.44553963 1.95694579 0.99858034]
Current state: [1.7594814  1.73072686 1.40818704 1.72845329 0.75434466]
Current state: [1.77421014 1.72071561 1.42732482 1.45024463 0.73861353]
Current state: [1.76818636 1.72256797 1.35297998 1.24922176 1.03133105]
Current state: [1.75708618 1.73827386 1.21975472 1.03607339 1.32624112]
Current state: [1.70235245 1.77320554 1.08142887 0.76749289 1.61884518]
Current state: [1.69644233 1.77132506 1.08341467 0.74772    1.60751768]
Rolling out iteration 18
Current state: [1.97797314 2.17057968 1.69656209 2.16044334 1.83392709]
Current state: [1.79472919 2.06383795 1.48764199 1.82108061 1.65027909]
Current state: [1.79961794 1.88707104 1.47836853 1.88132154 1.31160039]
Current state: [1.80614788 1.77977069 1.45803076 1.95539571 1.00383327]
Current state: [1.79724249 1.71542648 1.41272839 1.72553486 0.75399356]
Current state: [1.81797767 1.70318236 1.42516255 1.44377538 0.73724717]
Current state: [1.82654476 1.69998278 1.354921   1.25574511 1.03518885]
Current state: [1.82931338 1.70822484 1.23178419 1.04131387 1.3292564 ]
Current state: [1.78347923 1.73348767 1.112191   0.76043298 1.62220769]
Current state: [1.78584608 1.73025055 1.11700039 0.74676327 1.60907311]
Rolling out iteration 19
Current state: [1.96797314 2.18057968 1.69656209 2.16044334 1.83392709]
Current state: [1.78099267 2.09161227 1.48458315 1.82270025 1.65295786]
Current state: [1.77393246 1.92351071 1.46602645 1.87754708 1.30633994]
Current state: [1.77314102 1.835265   1.44783126 1.95437396 0.9969757 ]
Current state: [1.76200487 1.79018574 1.42207151 1.72862249 0.74136746]
Current state: [1.7771557  1.79048042 1.44826673 1.44213898 0.735566  ]
Current state: [1.77537119 1.78795589 1.40223158 1.2484946  1.02887411]
Current state: [1.77639548 1.80287178 1.29195797 1.03831608 1.32438081]
Current state: [1.73700619 1.82750505 1.16833174 0.76504351 1.61704545]
Current state: [1.72942438 1.8343919  1.17230393 0.74809813 1.60621907]
Rolling out iteration 20
Current state: [1.97797314 2.18057968 1.69656209 2.16044334 1.83392709]
Current state: [1.79687228 2.08882408 1.48583932 1.82071942 1.65311604]
Current state: [1.80057414 1.91934859 1.47407354 1.87867982 1.3058656 ]
Current state: [1.80719672 1.83169646 1.45770729 1.95282388 1.00222863]
Current state: [1.80190485 1.77566307 1.42489198 1.72570405 0.74101636]
Current state: [1.82387448 1.77517656 1.4460818  1.43566974 0.73419963]
Current state: [1.8340027  1.76778966 1.41008092 1.25501795 1.03273191]
Current state: [1.84682106 1.77606507 1.3082794  1.04355656 1.32739608]
Current state: [1.81640741 1.79325982 1.20201245 0.75798359 1.62040797]
Current state: [1.81750193 1.79936262 1.20621857 0.7471414  1.6077745 ]
Rolling out iteration 21
Current state: [1.96797314 2.17057968 1.68656209 2.15044334 1.84392709]
Current state: [1.78176085 2.05096919 1.47436778 1.81202805 1.65793444]
Current state: [1.77982855 1.87033826 1.45639132 1.87283009 1.32700289]
Current state: [1.77807426 1.74656192 1.42419033 1.94829149 1.01235951]
Current state: [1.75968763 1.68343439 1.3616615  1.7171889  0.77544448]
Current state: [1.77541818 1.66857054 1.36524055 1.4442527  0.75061076]
Current state: [1.76831074 1.67545579 1.26964165 1.24141701 1.04428949]
Current state: [1.74879158 1.69385617 1.12214196 1.02578247 1.33850801]
Current state: [1.68894975 1.73487927 0.98006239 0.756932   1.6312157 ]
Current state: [1.68425133 1.72985678 0.97103124 0.7371107  1.61890348]
Rolling out iteration 22
Current state: [1.97797314 2.17057968 1.68656209 2.15044334 1.84392709]
Current state: [1.7976167  2.04817235 1.4780106  1.81004721 1.65809262]
Current state: [1.80736496 1.86672753 1.46705228 1.87396283 1.32652855]
Current state: [1.8138719  1.74386577 1.43695641 1.94674142 1.01761244]
Current state: [1.79737261 1.66680851 1.37128115 1.71427046 0.77509338]
Current state: [1.81871923 1.64903322 1.36850824 1.43778345 0.7492444 ]
Current state: [1.82654425 1.65167569 1.27017509 1.24794036 1.04814728]
Current state: [1.82047685 1.66316603 1.13202892 1.03102295 1.34152328]
Current state: [1.76932494 1.69480145 1.00846622 0.74987209 1.63457822]
Current state: [1.77291702 1.68778402 1.00205766 0.73615397 1.62045891]
Rolling out iteration 23
Current state: [1.96797314 2.18057968 1.68656209 2.15044334 1.84392709]
Current state: [1.78387838 2.07594709 1.47247513 1.81166686 1.66077139]
Current state: [1.77966364 1.90258171 1.45226623 1.87018837 1.32126809]
Current state: [1.7780142  1.79838125 1.4239022  1.94571966 1.01075487]
Current state: [1.76380291 1.74420803 1.37276358 1.71735809 0.76246728]
Current state: [1.78064187 1.74297987 1.38526803 1.43614705 0.74756322]
Current state: [1.77771805 1.74467188 1.31659191 1.24068984 1.04183255]
Current state: [1.77260676 1.75939619 1.19369784 1.02802516 1.3366477 ]
Current state: [1.72785734 1.78903456 1.0666378  0.75448262 1.62941597]
Current state: [1.72206318 1.79335377 1.05939168 0.73748883 1.61760487]
Rolling out iteration 24
Current state: [1.97797314 2.18057968 1.68656209 2.15044334 1.84392709]
Current state: [1.79975979 2.07315848 1.47620793 1.80968603 1.66092957]
Current state: [1.807      1.89853677 1.46279959 1.87132111 1.32079375]
Current state: [1.81354955 1.79584191 1.43636181 1.94416959 1.0160078 ]
Current state: [1.80290462 1.72916496 1.38573902 1.71443966 0.76211618]
Current state: [1.82674195 1.72524782 1.39340386 1.4296778  0.74619686]
Current state: [1.8381328  1.72165062 1.32967011 1.24721319 1.04569035]
Current state: [1.84627828 1.72918602 1.21589185 1.03326564 1.33966297]
Current state: [1.8103912  1.7509092  1.10688274 0.7474227  1.63277849]
Current state: [1.81264246 1.75371918 1.10107772 0.73653209 1.6191603 ]
Rolling out iteration 25
Current state: [1.96797314 2.17057968 1.69656209 2.15044334 1.84392709]
Current state: [1.78138171 2.05111456 1.49278945 1.81206066 1.65786242]
Current state: [1.78074141 1.86970506 1.48536754 1.87300971 1.32714297]
Current state: [1.77958315 1.74471533 1.4626042  1.94835128 1.01253329]
Current state: [1.7602831  1.68034504 1.41056169 1.71710755 0.77595108]
Current state: [1.77452537 1.66511429 1.42015303 1.44439107 0.75066665]
Current state: [1.76801502 1.67290473 1.32869857 1.24168746 1.04447577]
Current state: [1.74965796 1.69029025 1.1878183  1.02585846 1.3386596 ]
Current state: [1.6885365  1.73418704 1.04897539 0.75686975 1.63137669]
Current state: [1.68433959 1.72871082 1.05152806 0.73708197 1.61896551]
Rolling out iteration 26
Current state: [1.97797314 2.17057968 1.69656209 2.15044334 1.84392709]
Current state: [1.79726177 2.04831862 1.49635956 1.81007983 1.6580206 ]
Current state: [1.80816163 1.86584267 1.49582602 1.87414245 1.32666863]
Current state: [1.81517917 1.74213371 1.47511852 1.94680121 1.01778622]
Current state: [1.79673264 1.6637601  1.41694194 1.71418911 0.77559998]
Current state: [1.81665989 1.64552991 1.42088105 1.43792182 0.74930028]
Current state: [1.82491647 1.64875382 1.33004799 1.24821081 1.04833356]
Current state: [1.81983469 1.65985287 1.19842156 1.03109893 1.34167487]
Current state: [1.76717332 1.69480227 1.07746584 0.74980984 1.63473921]
Current state: [1.77138117 1.68734003 1.08248198 0.73612524 1.62052094]
Rolling out iteration 27
Current state: [1.96797314 2.18057968 1.69656209 2.15044334 1.84392709]
Current state: [1.78352344 2.07609336 1.49082409 1.81169948 1.66069937]
Current state: [1.78058995 1.90193992 1.48117175 1.87036799 1.32140817]
Current state: [1.77953421 1.79652519 1.46224746 1.94577945 1.01092865]
Current state: [1.76540142 1.74122079 1.42366279 1.71727674 0.76297388]
Current state: [1.78082202 1.73937706 1.44351888 1.43628543 0.74761911]
Current state: [1.77849681 1.74141102 1.38292513 1.24096029 1.04201883]
Current state: [1.77467803 1.75671817 1.26664559 1.02810115 1.33679928]
Current state: [1.72900837 1.78699658 1.14293126 0.75442037 1.62957697]
Current state: [1.72339293 1.79084265 1.14763056 0.7374601  1.6176669 ]
Rolling out iteration 28
Current state: [1.97797314 2.18057968 1.69656209 2.15044334 1.84392709]
Current state: [1.79940485 2.07330476 1.49455689 1.80971864 1.66085755]
Current state: [1.80790505 1.89785576 1.49168225 1.87150073 1.32093383]
Current state: [1.81494204 1.79431869 1.47468452 1.94422938 1.01618158]
Current state: [1.80305384 1.72655719 1.43271822 1.71435831 0.76262278]
Current state: [1.82556416 1.72242399 1.44723563 1.42981618 0.74625275]
Current state: [1.83675888 1.71905261 1.39580568 1.24748364 1.04587662]
Current state: [1.84531207 1.72726682 1.28929475 1.03334163 1.33981456]
Current state: [1.80861925 1.74882455 1.1824939  0.74736045 1.63293948]
Current state: [1.81119205 1.75120233 1.18676083 0.73650337 1.61922233]
Rolling out iteration 29
Current state: [1.96797314 2.17057968 1.68656209 2.16044334 1.84392709]
Current state: [1.77806746 2.05349344 1.47008842 1.82315391 1.65800448]
Current state: [1.77224462 1.87141582 1.44725941 1.88244174 1.3271869 ]
Current state: [1.76918658 1.74697742 1.41259609 1.95908582 1.01017988]
Current state: [1.75223321 1.68910129 1.34778801 1.72850002 0.7755624 ]
Current state: [1.76568764 1.67365146 1.3533644  1.45712866 0.75122761]
Current state: [1.75549233 1.68370708 1.26089192 1.24909774 1.04280742]
Current state: [1.73216888 1.70724745 1.1065138  1.03410208 1.33721679]
Current state: [1.66875057 1.75168991 0.9569208  0.76969078 1.62960894]
Current state: [1.66439351 1.74768494 0.94613951 0.74762892 1.61813788]
Rolling out iteration 30
Current state: [1.97797314 2.17057968 1.68656209 2.16044334 1.84392709]
Current state: [1.79394886 2.05070484 1.47382122 1.82117307 1.65816266]
Current state: [1.79964243 1.86721301 1.45795013 1.88357449 1.32671256]
Current state: [1.80536763 1.74283914 1.42521387 1.95753574 1.01543281]
Current state: [1.78880449 1.67150589 1.35406378 1.72558159 0.7752113 ]
Current state: [1.80852627 1.65411855 1.35232407 1.45065941 0.74986124]
Current state: [1.8134476  1.66002476 1.25728041 1.25562109 1.04666521]
Current state: [1.80340346 1.67675668 1.11198643 1.03934256 1.34023207]
Current state: [1.74868235 1.71175099 0.98116389 0.76263086 1.63297146]
Current state: [1.75238625 1.70617905 0.97283675 0.74667219 1.61969331]
Rolling out iteration 31
Current state: [1.96797314 2.18057968 1.68656209 2.16044334 1.84392709]
Current state: [1.78021054 2.07847958 1.46828575 1.82279272 1.66084143]
Current state: [1.77350996 1.90375549 1.44282655 1.87980003 1.3214521 ]
Current state: [1.77158972 1.79871076 1.4121803  1.95651399 1.00857524]
Current state: [1.75903215 1.74934354 1.3589887  1.72866922 0.7625852 ]
Current state: [1.77447565 1.7471086  1.37262416 1.44902301 0.74818007]
Current state: [1.76863434 1.75181006 1.3040199  1.24837058 1.04035048]
Current state: [1.76056309 1.7704286  1.17704675 1.03634477 1.33535648]
Current state: [1.71254455 1.8036829  1.04409071 0.76724139 1.62780921]
Current state: [1.70647512 1.80897683 1.03528416 0.74800705 1.61683927]
Rolling out iteration 32
Current state: [1.97797314 2.18057968 1.68656209 2.16044334 1.84392709]
Current state: [1.79609195 2.07569097 1.47201855 1.82081189 1.66099961]
Current state: [1.80033729 1.89944783 1.45377667 1.88093277 1.32097776]
Current state: [1.80680144 1.7945257  1.42489895 1.95496391 1.01382817]
Current state: [1.79690045 1.73203954 1.36587314 1.72575078 0.76223409]
Current state: [1.81874429 1.72777161 1.37413084 1.44255376 0.74681371]
Current state: [1.8274446  1.72803128 1.30596151 1.25489393 1.04420827]
Current state: [1.83266293 1.73966577 1.187147   1.04158525 1.33837175]
Current state: [1.793302   1.76552402 1.07271281 0.76018148 1.63117173]
Current state: [1.795791   1.76921218 1.06652739 0.74705032 1.6183947 ]
Rolling out iteration 33
Current state: [1.96797314 2.17057968 1.69656209 2.16044334 1.84392709]
Current state: [1.77771252 2.05363972 1.48843737 1.82318652 1.65793246]
Current state: [1.77327686 1.87081814 1.47609953 1.88262137 1.32732698]
Current state: [1.770609   1.745159   1.45089411 1.95914561 1.01035366]
Current state: [1.75299101 1.6863206  1.3976322  1.72841867 0.776069  ]
Current state: [1.76538762 1.67090024 1.40947524 1.45726703 0.75128349]
Current state: [1.75541632 1.68164691 1.32135114 1.24936819 1.04299369]
Current state: [1.73334927 1.70432783 1.17429289 1.03417807 1.33736838]
Current state: [1.6688066  1.75144933 1.02804988 0.76962853 1.62976993]
Current state: [1.66468887 1.74691892 1.02898232 0.7476002  1.61819991]
Rolling out iteration 34
Current state: [1.97797314 2.17057968 1.69656209 2.16044334 1.84392709]
Current state: [1.79359393 2.05085111 1.49217018 1.82120569 1.65809064]
Current state: [1.80054467 1.86659309 1.48685019 1.88375411 1.32685264]
Current state: [1.80667159 1.74102479 1.4635243  1.95759553 1.01560659]
Current state: [1.78890553 1.66830135 1.40264033 1.72550024 0.77571789]
Current state: [1.80717198 1.64987264 1.40724618 1.45079778 0.74991713]
Current state: [1.81273779 1.65678946 1.3161919  1.25589154 1.04685148]
Current state: [1.80368119 1.67305933 1.17771098 1.03941854 1.34038366]
Current state: [1.74753488 1.71117033 1.0498848  0.76256861 1.63313245]
Current state: [1.75171419 1.70510098 1.05322635 0.74664346 1.61975534]
Rolling out iteration 35
Current state: [1.96797314 2.18057968 1.69656209 2.16044334 1.84392709]
Current state: [1.7798556  2.07862585 1.4866347  1.82282533 1.66076941]
Current state: [1.77453747 1.90314777 1.47166416 1.87997965 1.32159218]
Current state: [1.77320528 1.79688168 1.45047406 1.95657378 1.00874902]
Current state: [1.75976847 1.74633749 1.40878645 1.72858787 0.7630918 ]
Current state: [1.77432295 1.74367845 1.42995592 1.44916139 0.74823596]
Current state: [1.76900316 1.74921361 1.36556074 1.24864103 1.04053675]
Current state: [1.76186925 1.76856121 1.24428111 1.03642076 1.33550807]
Current state: [1.71282243 1.80141492 1.11499345 0.76717914 1.62797021]
Current state: [1.70684878 1.8062726  1.11799194 0.74797832 1.6169013 ]
Rolling out iteration 36
Current state: [1.97797314 2.18057968 1.69656209 2.16044334 1.84392709]
Current state: [1.79573701 2.07583725 1.49036751 1.8208445  1.66092759]
Current state: [1.80136851 1.898848   1.48261625 1.88111239 1.32111784]
Current state: [1.80842072 1.79270513 1.46319584 1.9550237  1.01400195]
Current state: [1.7977209  1.72890772 1.41572352 1.72566943 0.76274069]
Current state: [1.81819601 1.72436376 1.43069447 1.44269214 0.74686959]
Current state: [1.82755409 1.7248602  1.37081905 1.25516438 1.04439455]
Current state: [1.8340415  1.7371303  1.2590261  1.04166124 1.33852334]
Current state: [1.79370472 1.7626034  1.14781083 0.76011923 1.63133273]
Current state: [1.79652941 1.76582213 1.15254536 0.74702159 1.61845673]
-----Gif saved as visualizations/x_rollout.gif ----
